Arguments: 
  C:\Program Files\nodejs\node.exe C:\Users\goyal\AppData\Roaming\npm\node_modules\yarn\bin\yarn.js

PATH: 
  C:\Users\goyal\bin;C:\Program Files\Git\mingw64\bin;C:\Program Files\Git\usr\local\bin;C:\Program Files\Git\usr\bin;C:\Program Files\Git\usr\bin;C:\Program Files\Git\mingw64\bin;C:\Program Files\Git\usr\bin;C:\Users\goyal\bin;C:\Windows\system32;C:\Windows;C:\Windows\System32\Wbem;C:\Windows\System32\WindowsPowerShell\v1.0;C:\Program Files (x86)\NVIDIA Corporation\PhysX\Common;C:\WINDOWS\system32;C:\WINDOWS;C:\WINDOWS\System32\Wbem;C:\WINDOWS\System32\WindowsPowerShell\v1.0;C:\WINDOWS\System32\OpenSSH;C:\Program Files\NVIDIA Corporation\NVIDIA NvDLISR;C:\Program Files\nodejs;C:\Program Files\Docker\Docker\resources\bin;C:\ProgramData\DockerDesktop\version-bin;C:\Program Files\Git\cmd;C:\Users\goyal\AppData\Local\Microsoft\WindowsApps;C:\Users\goyal\AppData\Local\Programs\Microsoft VS Code\bin;C:\Users\goyal\AppData\Roaming\npm;C:\Program Files\Git\usr\bin\vendor_perl;C:\Program Files\Git\usr\bin\core_perl

Yarn version: 
  1.22.11

Node version: 
  14.17.5

Platform: 
  win32 x64

Trace: 
  Error: https://registry.yarnpkg.com/date-fns/-/date-fns-2.28.0.tgz: ESOCKETTIMEDOUT
      at ClientRequest.<anonymous> (C:\Users\goyal\AppData\Roaming\npm\node_modules\yarn\lib\cli.js:141390:19)
      at Object.onceWrapper (events.js:519:28)
      at ClientRequest.emit (events.js:400:28)
      at TLSSocket.emitRequestTimeout (_http_client.js:790:9)
      at Object.onceWrapper (events.js:519:28)
      at TLSSocket.emit (events.js:412:35)
      at TLSSocket.Socket._onTimeout (net.js:484:8)
      at listOnTimeout (internal/timers.js:557:17)
      at processTimers (internal/timers.js:500:7)

npm manifest: 
  {
     "name": "hern",
     "version": "1.22.11",
     "main": "index.js",
     "repository": "https://github.com/dailykit/hern.git",
     "author": "Praveen Bisht <prvnbist@gmail.com>",
     "license": "MIT",
     "scripts": {
        "install:packages": "yarn && cd store && yarn && cd ../admin && yarn",
        "dev": "concurrently \"nodemon -r esm index.js\" \"cd store && yarn dev\" \"cd admin && yarn start\"",
        "dev-mac": "concurrently \"nodemon -r esm index.js\" \"cd store && yarn dev\" \"cd admin && yarn start-mac\"",
        "build": "cd store && yarn build && cd ../admin && yarn build",
        "prod": "concurrently \"nodemon -r esm index.js\" \"cd store && yarn start\"",
        "dev:server": "concurrently \"nodemon -r esm index.js\" \"cd store && yarn dev\"",
        "download-graphql": "chmod +x ./fetchgraphqlschema.sh && ./fetchgraphqlschema.sh",
        "lint:graphql": "eslint **/graphql/*.js > graphqlerrors.txt",
        "start-hasura": "cd hasura && hasura console"
     },
     "dependencies": {
        "@tillpos/xml-escpos-helper": "^0.2.2",
        "add": "^2.0.6",
        "apollo-server-express": "^2.25.2",
        "aws-sdk": "^2.678.0",
        "axios": "^0.21.1",
        "babel-eslint": "^10.1.0",
        "bcrypt": "^5.0.1",
        "bluebird": "^3.7.2",
        "concurrently": "^6.2.0",
        "cors": "^2.8.5",
        "debug": "^4.3.2",
        "dotenv": "^8.2.0",
        "ejs": "^3.1.6",
        "eslint-plugin-graphql": "^4.0.0",
        "esm": "^3.2.25",
        "express": "^4.17.1",
        "file-type": "^14.4.0",
        "gql": "^1.1.2",
        "graphql": "^14.5.8",
        "graphql-depth-limit": "^1.1.0",
        "graphql-request": "^3.4.0",
        "graphql-tools": "^4.0.6",
        "http-proxy-middleware": "^2.0.0",
        "ics": "^2.31.0",
        "isomorphic-git": "0.75.0",
        "jsonwebtoken": "^8.5.1",
        "lodash": "^4.17.20",
        "logger": "^0.0.1",
        "moment": "^2.27.0",
        "moment-timezone": "^0.5.31",
        "morgan": "^1.10.0",
        "multiparty": "^4.2.1",
        "nodemailer": "^6.4.11",
        "paytm-pg-node-sdk": "^1.0.4",
        "paytmchecksum": "^1.5.0",
        "pg": "^8.6.0",
        "pug": "^3.0.0",
        "puppeteer": "^10.0.0",
        "qrcode": "^1.4.4",
        "query-string": "^7.0.1",
        "razorpay": "^2.0.6",
        "react-intersection-observer": "^8.33.1",
        "react-scroll": "^1.8.4",
        "remove.bg": "^1.3.0",
        "request": "^2.88.2",
        "rimraf": "^3.0.0",
        "rrule": "2.6.4",
        "sharp": "^0.29.1",
        "ssh2": "^0.8.9",
        "stripe": "^8.168.0",
        "table": "^6.8.0",
        "tar-fs": "^2.1.1",
        "twilio": "^3.67.2",
        "yarn": "^1.22.11",
        "zlib": "^1.0.5"
     },
     "devDependencies": {
        "eslint-config-airbnb": "^18.2.1",
        "eslint-config-prettier": "^8.3.0",
        "eslint-plugin-import": "^2.24.0",
        "eslint-plugin-prettier": "^3.4.0",
        "nodemon": "^2.0.3",
        "prettier": "^2.3.2"
     },
     "nodemonConfig": {
        "ignore": [
           "store",
           "admin"
        ]
     }
  }

yarn manifest: 
  No manifest

Lockfile: 
  No lockfile
