[/api/payment-intent] | [2021-09-16 15:09:98PM +05:30] | [This is error]
[/api/payment-intent] | [2021-09-16 15:09:52PM +05:30] | [This is error]
[/api/payment-intent] | [2021-09-16 15:09:78PM +05:30] | [Error: This payment requires additional user action before it can be completed successfully. Payment can be completed using the PaymentIntent associated with the invoice. For more details see: https://stripe.com/docs/billing/subscriptions/overview#requires-action]
[/api/payment/initiate-payment] | [2021-11-25 20:11:95PM +05:30] | [Error [ERR_REQUIRE_ESM]: Must use import to load ES Module: C:\Users\Deepak Negi\Desktop\DailyKit\HERN\node_modules\lodash-es\lodash.js
require() of ES modules is not supported.
require() of C:\Users\Deepak Negi\Desktop\DailyKit\HERN\node_modules\lodash-es\lodash.js from C:\Users\Deepak Negi\Desktop\DailyKit\HERN\server\entities\payment\functions\razorpay\initiatePayment.js is an ES module file as it is a .js file whose nearest parent package.json contains "type": "module" which defines all .js files in that package scope as ES modules.
Instead rename lodash.js to end in .cjs, change the requiring code to use import(), or remove "type": "module" from C:\Users\Deepak Negi\Desktop\DailyKit\HERN\node_modules\lodash-es\package.json.
]
[/api/payment/initiate-payment] | [2021-11-25 20:11:61PM +05:30] | [Error [ERR_REQUIRE_ESM]: Must use import to load ES Module: C:\Users\Deepak Negi\Desktop\DailyKit\HERN\node_modules\lodash-es\lodash.js
require() of ES modules is not supported.
require() of C:\Users\Deepak Negi\Desktop\DailyKit\HERN\node_modules\lodash-es\lodash.js from C:\Users\Deepak Negi\Desktop\DailyKit\HERN\server\entities\payment\functions\razorpay\initiatePayment.js is an ES module file as it is a .js file whose nearest parent package.json contains "type": "module" which defines all .js files in that package scope as ES modules.
Instead rename lodash.js to end in .cjs, change the requiring code to use import(), or remove "type": "module" from C:\Users\Deepak Negi\Desktop\DailyKit\HERN\node_modules\lodash-es\package.json.
]
[/api/payment/initiate-payment] | [2021-11-25 20:11:31PM +05:30] | [Error [ERR_REQUIRE_ESM]: Must use import to load ES Module: C:\Users\Deepak Negi\Desktop\DailyKit\HERN\node_modules\lodash-es\lodash.js
require() of ES modules is not supported.
require() of C:\Users\Deepak Negi\Desktop\DailyKit\HERN\node_modules\lodash-es\lodash.js from C:\Users\Deepak Negi\Desktop\DailyKit\HERN\server\entities\payment\functions\razorpay\initiatePayment.js is an ES module file as it is a .js file whose nearest parent package.json contains "type": "module" which defines all .js files in that package scope as ES modules.
Instead rename lodash.js to end in .cjs, change the requiring code to use import(), or remove "type": "module" from C:\Users\Deepak Negi\Desktop\DailyKit\HERN\node_modules\lodash-es\package.json.
]
[/api/payment/initiate-payment] | [2021-11-25 20:11:22PM +05:30] | [Error [ERR_REQUIRE_ESM]: Must use import to load ES Module: C:\Users\Deepak Negi\Desktop\DailyKit\HERN\node_modules\lodash-es\lodash.js
require() of ES modules is not supported.
require() of C:\Users\Deepak Negi\Desktop\DailyKit\HERN\node_modules\lodash-es\lodash.js from C:\Users\Deepak Negi\Desktop\DailyKit\HERN\server\entities\payment\functions\razorpay\initiatePayment.js is an ES module file as it is a .js file whose nearest parent package.json contains "type": "module" which defines all .js files in that package scope as ES modules.
Instead rename lodash.js to end in .cjs, change the requiring code to use import(), or remove "type": "module" from C:\Users\Deepak Negi\Desktop\DailyKit\HERN\node_modules\lodash-es\package.json.
]
[/api/payment-intent] | [2021-11-25 20:11:31PM +05:30] | [Error: `key_id` is mandatory]
[/api/payment-intent] | [2021-11-25 20:11:41PM +05:30] | [ReferenceError: id is not defined]
[/api/payment/initiate-payment] | [2021-11-25 20:11:02PM +05:30] | [TypeError: Cannot read property 'success' of undefined]
[/api/payment/initiate-payment] | [2021-11-25 21:11:59PM +05:30] | [TypeError: Cannot read property 'success' of undefined]
[/api/payment/initiate-payment] | [2021-11-25 23:11:62PM +05:30] | [SyntaxError: Invalid or unexpected token]
[/api/payment/initiate-payment] | [2021-11-25 23:11:72PM +05:30] | [SyntaxError: Invalid or unexpected token]
[/api/payment/initiate-payment] | [2021-11-25 23:11:13PM +05:30] | [SyntaxError: Invalid or unexpected token]
[/api/payment-intent] | [2021-12-01 15:12:39PM +05:30] | [Error: You passed an empty string for 'default_payment_method'. We assume empty values are an attempt to unset a parameter; however 'default_payment_method' cannot be unset. You should remove 'default_payment_method' from your request or supply a non-empty value.]
[/api/payment-intent] | [2021-12-01 16:12:31PM +05:30] | [Error: You passed an empty string for 'default_payment_method'. We assume empty values are an attempt to unset a parameter; however 'default_payment_method' cannot be unset. You should remove 'default_payment_method' from your request or supply a non-empty value.]
[/api/payment/initiate-payment] | [2021-12-01 16:12:13PM +05:30] | [ReferenceError: AVAILABLE_PAYMENT_OPTION is not defined]
[/api/payment/initiate-payment] | [2021-12-01 16:12:68PM +05:30] | [ReferenceError: AVAILABLE_PAYMENT_OPTION is not defined]
[/api/payment/initiate-payment] | [2021-12-01 17:12:48PM +05:30] | [ReferenceError: AVAILABLE_PAYMENT_OPTION is not defined]
[/api/payment/initiate-payment] | [2021-12-01 17:12:13PM +05:30] | [ReferenceError: AVAILABLE_PAYMENT_OPTION is not defined]
[/api/payment/initiate-payment] | [2021-12-02 19:12:82PM +05:30] | [SyntaxError: Invalid or unexpected token]
[/api/payment/initiate-payment] | [2021-12-02 19:12:46PM +05:30] | [SyntaxError: Invalid or unexpected token]
[/api/payment/initiate-payment] | [2021-12-02 19:12:64PM +05:30] | [SyntaxError: Invalid or unexpected token]
[/api/payment/initiate-payment] | [2021-12-02 19:12:18PM +05:30] | [SyntaxError: Invalid or unexpected token]
[/api/payment-intent] | [2021-12-02 19:12:81PM +05:30] | [ReferenceError: response is not defined]
[/api/payment-intent] | [2021-12-03 11:12:93AM +05:30] | [ReferenceError: generateSignature is not defined]
[/api/payment-intent] | [2021-12-03 11:12:58AM +05:30] | [ReferenceError: generateSignature is not defined]
